[02/13/23 15:56:56] INFO     colossalai - colossalai - INFO: /root/anaconda3/envs/py38/lib/python3.8/site-packages/colossalai/context/parallel_context.py:521   
                             set_device                                                                                                                         
                    INFO     colossalai - colossalai - INFO: process rank 0 is bound to device 0                                                                
[02/13/23 15:56:59] INFO     colossalai - colossalai - INFO: /root/anaconda3/envs/py38/lib/python3.8/site-packages/colossalai/context/parallel_context.py:557   
                             set_seed                                                                                                                           
                    INFO     colossalai - colossalai - INFO: initialized seed on rank 0, numpy: 1024, python random: 1024, ParallelMode.DATA: 1024,             
                             ParallelMode.TENSOR: 1024,the default parallel seed is ParallelMode.DATA.                                                          
                    INFO     colossalai - colossalai - INFO: /root/anaconda3/envs/py38/lib/python3.8/site-packages/colossalai/initialize.py:117 launch          
                    INFO     colossalai - colossalai - INFO: Distributed environment is initialized, data parallel size: 1, pipeline parallel size: 1, tensor   
                             parallel size: 1                                                                                                                   
[02/13/23 15:57:00] INFO     colossalai - colossalai - INFO: train_gemini_opt_0203.py:319 main                                                                  
                    INFO     colossalai - colossalai - INFO: Model config has been created                                                                      
[02/13/23 15:57:01] INFO     colossalai - colossalai - INFO: train_gemini_opt_0203.py:325 main                                                                  
                    INFO     colossalai - colossalai - INFO: GPT2Tokenizer has been created                                                                     
                    INFO     colossalai - colossalai - INFO: train_gemini_opt_0203.py:341 main                                                                  
                    INFO     colossalai - colossalai - INFO: Finetune a pre-trained model                                                                       
[02/13/23 15:57:06] INFO     colossalai - ProcessGroup - INFO: /root/anaconda3/envs/py38/lib/python3.8/site-packages/colossalai/tensor/process_group.py:24 get  
                    INFO     colossalai - ProcessGroup - INFO: NCCL initialize ProcessGroup on [0]                                                              
Downloading:   0%|          | 0.00/137 [00:00<?, ?B/s]Downloading: 100%|██████████| 137/137 [00:00<00:00, 77.6kB/s]
searching chunk configuration is completed in 1.58 s.
used number: 2528.76 MB, wasted number: 32.74 MB
total wasted percentage is 1.28%
[02/13/23 15:57:47] INFO     colossalai - colossalai - INFO: train_gemini_opt_0203.py:354 main                                                                  
                    INFO     colossalai - colossalai - INFO: GeminiDDP has been created                                                                         
[02/13/23 16:00:56] INFO     colossalai - colossalai - INFO: train_gemini_opt_0203.py:364 main                                                                  
                    INFO     colossalai - colossalai - INFO: Dataset is prepared                                                                                
[02/13/23 16:00:57] INFO     colossalai - colossalai - INFO: train_gemini_opt_0203.py:379 main                                                                  
                    INFO     colossalai - colossalai - INFO: Dataloaders have been created                                                                      
